A51 MACRO ASSEMBLER  HW                                                                   08/16/2016 02:30:34 PAGE     1


MACRO ASSEMBLER A51 V8.02c
OBJECT MODULE PLACED IN .\Objects\hw.obj
ASSEMBLER INVOKED BY: C:\Keil_v5\C51\BIN\A51.EXE hw.asm SET(SMALL) DEBUG PRINT(.\Listings\hw.lst) OBJECT(.\Objects\hw.ob
                      j) EP

LOC  OBJ            LINE     SOURCE

0000                   1     org 00h
0000 020100            2             ljmp main
                       3     
0100                   4     org 100h
0100                   5     main:
0100 800E              6             sjmp loop
0102                   7     old_data:
0102 E54E              8             MOV A, 4EH                      ;display data from 4eh
0104 C4                9             SWAP A
0105 440F             10             ORL A, #0FH
0107 120141           11             lcall readnibble        ;read the input on P1.0-P1.3 (nibble)
010A E8               12             MOV A, R0
010B B40F02           13             CJNE A, #00FH, Loop     ;if read value != 0Fh go to loop
010E 80F2             14             SJMP old_data           ;else return to caller with previously read nibble in locat
                             ion 4EH (lower 4 bits)
                      15             
0110                  16     loop:
0110 7590FF           17             MOV P1, #0FFH           ;turn on all 4 leds (routine is ready to accept input)
0113 754F05           18             MOV 4FH, #5                     ;for 5 sec delay
0116 120148           19             lcall delay                     ;wait for 5 sec during which user can give input 
0119 75900F           20             MOV P1, #0FH            ;clear pins P1.4 to P1.7
                      21             
011C 120141           22             lcall readnibble        ;read the input on P1.0-P1.3 (nibble)
011F 754F01           23             MOV 4FH, #1                     ;for 1 sec delay
0122 120148           24             lcall delay                     ;wait for one sec
                      25             
0125 E8               26             MOV A, R0
0126 F54E             27             MOV 4EH, A                      ;store read value in 4eH loc
0128 C4               28             SWAP A
0129 440F             29             ORL A, #0FH
012B F590             30             MOV P1, A                       ;show the read value on pins P1.4-P1.7
                      31             
012D 754F05           32             MOV 4FH, #5                     ;for 5 sec delay
0130 120148           33             lcall delay                     ;wait for 5 sec 
                      34             
0133 75900F           35             MOV P1, #0FH            ;clear leds
                      36             
0136 E590             37             MOV A, P1                       ; read value on pins
0138 540F             38             ANL A, #00FH            ;read the input from switches
013A B40FD3           39             CJNE A, #00FH, Loop     ;if read value != 0Fh go to loop
013D 80C3             40             SJMP old_data           ;else return to caller with previously read nibble in locat
                             ion 4EH (lower 4 bits).
                      41                                                     
                      42                                                     
013F                  43     stop:
013F 80FE             44             sjmp stop
                      45             
                      46             
0141                  47     readnibble:
                      48                             ;MOV P1, #0FFH          ; set pins 0-3 for configuring as input pin
                             s
0141 E590             49                             MOV A, P1                       ; read value on pins
0143 540F             50                             ANL A, #00FH            ;to extract lower nibble
0145 F500             51                             MOV 0, A                        
0147 22               52                             RET
0148                  53     DELAY:
                      54              
A51 MACRO ASSEMBLER  HW                                                                   08/16/2016 02:30:34 PAGE     2

                      55                     USING 0         ;ASSEMBLER DIRECTIVE TO INDICATE REGISTER BANK0
                      56                             
0148 C001             57             PUSH 1          ; STORE R1 (BANK O) ON THE STACK
014A C002             58             PUSH 2
014C C003             59                     PUSH 3
                      60                     
014E E54F             61                     MOV A, 4FH                              ;store delay to accumulator
0150 75F014           62                     MOV B, #014H                    ;for 1/2 second delay BACK1 loop should run
                              10 times  hence multiplying by 10 
0153 A4               63                     MUL AB
0154 F503             64                     MOV 3,A
0156                  65                     BACK2:                                  ;loop for required delay
0156 7AC8             66                             MOV R2,#200                     ;Loop for 50ms delay 
0158                  67                             BACK1:
0158 79FF             68                                     MOV R1,#0FFH
015A                  69                                     BACK:
015A D9FE             70                                     DJNZ R1, BACK
015C DAFA             71                             DJNZ R2, BACK1
015E DBF6             72                     DJNZ R3, BACK2
                      73                     
0160 D003             74                     POP 3   ; STORE R1 (BANK O) ON THE STACK
0162 D002             75             POP 2
0164 D001             76                     POP 1
                      77     
0166 22               78             RET
                      79     END
A51 MACRO ASSEMBLER  HW                                                                   08/16/2016 02:30:34 PAGE     3

SYMBOL TABLE LISTING
------ ----- -------


N A M E             T Y P E  V A L U E   ATTRIBUTES

B. . . . . . . . .  D ADDR   00F0H   A   
BACK . . . . . . .  C ADDR   015AH   A   
BACK1. . . . . . .  C ADDR   0158H   A   
BACK2. . . . . . .  C ADDR   0156H   A   
DELAY. . . . . . .  C ADDR   0148H   A   
LOOP . . . . . . .  C ADDR   0110H   A   
MAIN . . . . . . .  C ADDR   0100H   A   
OLD_DATA . . . . .  C ADDR   0102H   A   
P1 . . . . . . . .  D ADDR   0090H   A   
READNIBBLE . . . .  C ADDR   0141H   A   
STOP . . . . . . .  C ADDR   013FH   A   


REGISTER BANK(S) USED: 0 


ASSEMBLY COMPLETE.  0 WARNING(S), 0 ERROR(S)
