A51 MACRO ASSEMBLER  DISPLAY_VALUES                                                       08/22/2016 15:13:47 PAGE     1


MACRO ASSEMBLER A51 V8.02c
OBJECT MODULE PLACED IN .\Objects\display_values.obj
ASSEMBLER INVOKED BY: C:\Keil_v5\C51\BIN\A51.EXE display_values.asm SET(SMALL) DEBUG PRINT(.\Listings\display_values.lst
                      ) OBJECT(.\Objects\display_values.obj) EP

LOC  OBJ            LINE     SOURCE

0000                   1     org 00H
  00A0                 2     lcd_data EQU P2
  0080                 3     lcd_rs  EQU P0.0
  0081                 4     lcd_rw EQU P0.1
  0082                 5     lcd_en EQU P0.2
                       6     
0000 020120            7             LJMP display_values
                       8     
0100                   9     org 100H
                      10     
                      11     
0100                  12     displayInitialvalues:
0100 755003           13             mov 50H, #3H    ;value of K
0103 755165           14             mov 51H, #65H   ;start of the stored array
0106 756549           15             mov 65H, #49H
0109 756641           16             mov 66H, #41H
010C 756742           17             mov 67H, #42H
010F 756843           18             mov 68H, #43H
0112 756944           19             mov 69H, #44H
0115 756A45           20             mov 6AH, #45H
0118 756B46           21             mov 6BH, #46H
011B AA50             22             mov R2, 50H
011D A851             23             mov R0, 51H
011F 22               24             ret
                      25     
0120                  26     display_values:
                      27     
0120 120162           28                     LCALL lcd_init
0123                  29             loop_disp:
0123 120151           30                     LCALL delay2sec
0126 120100           31                     LCALL displayInitialvalues
0129 120148           32                     LCALL readnibble
012C FD               33                     MOV R5, A
012D 9A               34                     SUBB A, R2
012E 500E             35                     JNC displayNull                 
0130 E8               36                     MOV A, R0
0131 2D               37                     ADD A, R5
0132 F8               38                     MOV R0, A
                      39                     
0133 7485             40                     MOV A, #85H
0135 120184           41                     LCALL lcd_command
0138 E6               42                     MOV A, @R0
0139 120199           43                     LCALL lcd_senddata
                      44                     ;INC R0
013C 80E5             45                     SJMP loop_disp
013E                  46             displayNull:
013E 75A001           47                     MOV lcd_data,#01H       
0141 3177             48                     ACALL lcdInitCommon
0143 120151           49                     LCALL delay2sec
0146 80DB             50                     SJMP loop_disp
                      51                     
                      52     
                      53     ; set pins 0-3 for configuring as input pins
                      54     ; read value on pins
0148                  55     readnibble:
0148 75900F           56             MOV P1, #0fh
014B E590             57             MOV A, P1
A51 MACRO ASSEMBLER  DISPLAY_VALUES                                                       08/22/2016 15:13:47 PAGE     2

014D 540F             58             ANL A, #0fh
014F FF               59             MOV R7, A
0150 22               60             RET
                      61     
0151                  62     delay2sec:
0151 C005             63             PUSH 05H
0153 7B28             64             MOV R3, #40
0155                  65             loop1:
0155 7CC8             66                     MOV R4, #200
0157                  67             loop2:
0157 7DFF             68                     MOV R5, #0FFH
0159                  69             loop3: 
0159 DDFE             70                     DJNZ R5, loop3
015B DCFA             71                     DJNZ R4, loop2
015D DBF6             72                     DJNZ R3, loop1
015F D005             73             POP 05H
0161 22               74             RET
                      75     
                      76     
                      77     
                      78     
                      79     ;------------------------LCD Initialisation routine----------------------------------------
                             ------------
0162                  80     lcd_init:
0162 75A038           81                     mov lcd_data, #38H      ;Function set: 2 Line, 8-bit, 5x7 dots
0165 3177             82                     acall lcdInitCommon
                      83     
0167 75A00C           84                     mov lcd_data, #0CH      ;Display on, Curson off
016A 3177             85                     acall lcdInitCommon
                      86     
016C 75A001           87                     mov lcd_data,#01H       ;Clear LCD
016F 3177             88                     acall lcdInitCommon
                      89     
0171 75A006           90                     mov lcd_data, #06H      ;Entry mode, auto increment with no shift
0174 3177             91                     acall lcdInitCommon
                      92     
0176 22               93                     ret
                      94     
0177                  95     lcdInitCommon:
0177 C280             96                     clr lcd_rs                      ;Selected command register
0179 C281             97                     clr lcd_rw                      ;We are writing in instruction register
017B D282             98                     setb lcd_en             ;Enable H->L
017D 31AA             99                     acall delay
017F C282            100                     clr lcd_en
0181 31AA            101                     acall delay
0183 22              102                     ret
                     103     ;-----------------------command sending routine-------------------------------------
0184                 104     lcd_command:
0184 F5A0            105             mov lcd_data, A         ;move the command to lcd_data
0186 3177            106             acall lcdInitCommon
0188 22              107             ret
                     108     
                     109     ;-----------------------text strings sending routine-------------------------------------
0189                 110     lcd_send_string:
0189 C0E0            111             push 0e0h
018B                 112             lcd_send_loop:
018B E4              113                     clr A
018C 93              114                     movc A, @A + dptr               ;load first character in accumulator
018D 6007            115                     jz exit                                 ;go to exit if zero
018F 3199            116                     acall lcd_senddata
0191 31AA            117                     acall delay
0193 A3              118                     inc dptr
0194 80F5            119                     sjmp lcd_send_loop
0196                 120             exit:
0196 D0E0            121                     pop 0e0h
0198 22              122                     ret
A51 MACRO ASSEMBLER  DISPLAY_VALUES                                                       08/22/2016 15:13:47 PAGE     3

                     123     ;-----------------------data sending routine-------------------------------------          
                                       
0199                 124      lcd_senddata:
0199 F5A0            125              MOV   LCD_data,A     
019B D280            126              SETB  LCD_rs         
019D C281            127              CLR   LCD_rw         
019F D282            128              SETB LCD_en         
01A1 31AA            129                      ACALL delay
01A3 C282            130              CLR   LCD_en
01A5 31AA            131              ACALL delay
01A7 31AA            132                      ACALL delay
01A9 22              133              RET                  
                     134     
                     135                     
                     136     ;----------------------delay routine-----------------------------------------------------
01AA C000            137     delay:   PUSH 0
01AC C001            138                      PUSH 1
01AE 7801            139              MOV r0,#1
01B0 79FF            140     loop2delay:      MOV r1,#255
01B2 D9FE            141              loop1delay:     DJNZ r1, loop1delay
01B4 D8FA            142              DJNZ r0, loop2delay
01B6 D001            143              POP 1
01B8 D000            144              POP 0 
01BA 22              145              RET
                     146     
                     147     ;------------- ROM text strings------------------------------------------------------------
                             ---
0300                 148     org 300h
0300                 149     my_string1:
0300 48454C4C        150              DB   "HELLO", 00H
0304 4F00                    
0306                 151     my_string2:
0306 574F524C        152                      DB   "WORLD", 00H
030A 4400                    
                     153     END
                             
A51 MACRO ASSEMBLER  DISPLAY_VALUES                                                       08/22/2016 15:13:47 PAGE     4

SYMBOL TABLE LISTING
------ ----- -------


N A M E               T Y P E  V A L U E   ATTRIBUTES

DELAY. . . . . . . .  C ADDR   01AAH   A   
DELAY2SEC. . . . . .  C ADDR   0151H   A   
DISPLAYINITIALVALUES  C ADDR   0100H   A   
DISPLAYNULL. . . . .  C ADDR   013EH   A   
DISPLAY_VALUES . . .  C ADDR   0120H   A   
EXIT . . . . . . . .  C ADDR   0196H   A   
LCDINITCOMMON. . . .  C ADDR   0177H   A   
LCD_COMMAND. . . . .  C ADDR   0184H   A   
LCD_DATA . . . . . .  D ADDR   00A0H   A   
LCD_EN . . . . . . .  B ADDR   0080H.2 A   
LCD_INIT . . . . . .  C ADDR   0162H   A   
LCD_RS . . . . . . .  B ADDR   0080H.0 A   
LCD_RW . . . . . . .  B ADDR   0080H.1 A   
LCD_SENDDATA . . . .  C ADDR   0199H   A   
LCD_SEND_LOOP. . . .  C ADDR   018BH   A   
LCD_SEND_STRING. . .  C ADDR   0189H   A   
LOOP1. . . . . . . .  C ADDR   0155H   A   
LOOP1DELAY . . . . .  C ADDR   01B2H   A   
LOOP2. . . . . . . .  C ADDR   0157H   A   
LOOP2DELAY . . . . .  C ADDR   01B0H   A   
LOOP3. . . . . . . .  C ADDR   0159H   A   
LOOP_DISP. . . . . .  C ADDR   0123H   A   
MY_STRING1 . . . . .  C ADDR   0300H   A   
MY_STRING2 . . . . .  C ADDR   0306H   A   
P0 . . . . . . . . .  D ADDR   0080H   A   
P1 . . . . . . . . .  D ADDR   0090H   A   
P2 . . . . . . . . .  D ADDR   00A0H   A   
READNIBBLE . . . . .  C ADDR   0148H   A   


REGISTER BANK(S) USED: 0 


ASSEMBLY COMPLETE.  0 WARNING(S), 0 ERROR(S)
