A51 MACRO ASSEMBLER  ADDER16                                                              08/01/2016 15:57:11 PAGE     1


MACRO ASSEMBLER A51 V8.02c
OBJECT MODULE PLACED IN .\Objects\adder16.obj
ASSEMBLER INVOKED BY: C:\Keil_v5\C51\BIN\A51.EXE ..\adder16.asm SET(SMALL) DEBUG PRINT(.\Listings\adder16.lst) OBJECT(.\
                      Objects\adder16.obj) EP

LOC  OBJ            LINE     SOURCE

0000                   1     org 0000H
0000 020100            2     ljmp main
                       3             
0100                   4             org 100H
                       5                     
0100                   6                     main: 
0100 7860              7                      MOV R0, #60H 
0102 7970              8                      MOV R1, #70H
                       9                      
0104 76FF             10                      MOV @R0, #0FFH
0106 7700             11                      MOV @R1, #000H
                      12                      
0108 08               13                      INC R0
0109 09               14                      INC R1
                      15                      
010A 76FF             16                      MOV @R0, #0FFH
010C 7702             17                      MOV @R1, #002H
                      18                      
                      19                      ; The above values are used for initialization of the value which are to b
                             e added
                      20                      
010E 120113           21                      lcall adder16 ; call the subroutine adder16 which implements 16 bit additi
                             on
                      22                      
0111                  23                      stop:
0111 80FE             24                             sjmp stop
                      25                     
0113                  26                     adder16:
0113 C3               27                             CLR C
0114 7861             28                             MOV R0, #61H ; Use R0 for addressing the memory of the first number
0116 7971             29                             MOV R1, #71H ; Use R1 for addressing the memory of the second numbe
                             r 
0118 E6               30                             MOV A, @R0
0119 37               31                             ADDC A, @R1
                      32                             ;CLR A ; Clear the accumulator
011A 8803             33                             MOV 3, R0 ; Create a copy of the value in R0 in R3
011C 08               34                                     INC R0
011D 08               35                                     INC R0
011E 08               36                                     INC R0
                      37                             
011F F6               38                             MOV @R0, A
                      39                             
0120 8B00             40                             MOV 0, R3
                      41                             
                      42                             ;  Call the subroutine of add8 for the LSB
                      43                             
0122 18               44                             DEC R0 ; Decrement the pointer for first number
0123 19               45                             DEC R1 ; Decrement the pointer for second number
                      46                             ;  Call the subroutine add8 for the MSB
                      47                             
                      48                             
0124 E6               49                             MOV A, @R0
0125 37               50                             ADDC A, @R1
                      51                             
0126 8803             52                             MOV 3, R0
0128 08               53                             INC R0
0129 08               54                             INC R0
A51 MACRO ASSEMBLER  ADDER16                                                              08/01/2016 15:57:11 PAGE     2

012A 08               55                             INC R0
                      56                             ; Increment the content of R0 by 3 to store at the required memory 
                             location
                      57                             
012B F6               58                             MOV @R0, A ;  Move the result of MSB from accumulator to the requir
                             ed location
                      59                             ;MOV 0, R3
                      60                             
012C 18               61                             DEC R0 ; Decrement R0 to access the third byte for the borrow bit
012D 75F000           62                             MOV B, #00H ;  Clear the B register to store the default borrow of 
                             zero
0130 5002             63                             jnc label1
0132 05F0             64                                     INC B ;  If there is a borrow, increment the B register to 
                             account for it
                      65                                     
0134                  66                                     label1:
0134 A6F0             67                                             MOV @R0, B
                      68                             
0136 22               69                     ret
                      70                                     
                      71             END
                                                             
                                                     
                                                     
A51 MACRO ASSEMBLER  ADDER16                                                              08/01/2016 15:57:11 PAGE     3

SYMBOL TABLE LISTING
------ ----- -------


N A M E             T Y P E  V A L U E   ATTRIBUTES

ADDER16. . . . . .  C ADDR   0113H   A   
B. . . . . . . . .  D ADDR   00F0H   A   
LABEL1 . . . . . .  C ADDR   0134H   A   
MAIN . . . . . . .  C ADDR   0100H   A   
STOP . . . . . . .  C ADDR   0111H   A   


REGISTER BANK(S) USED: 0 


ASSEMBLY COMPLETE.  0 WARNING(S), 0 ERROR(S)
